build/app/intermediates/manifest_merge_blame_file/debug/manifest-merger-blame-debug-report.txt
1<?xml version="1.0" encoding="utf-8"?>
2<manifest xmlns:android="http://schemas.android.com/apk/res/android"
3    package="com.example.agenda_app"
4    android:versionCode="1"
5    android:versionName="1.0.0" >
6
7    <uses-sdk
8        android:minSdkVersion="21"
9        android:targetSdkVersion="31" />
10    <!--
11         The INTERNET permission is required for development. Specifically,
12         the Flutter tool needs it to communicate with the running application
13         to allow setting breakpoints, to provide hot reload, etc.
14    -->
15    <uses-permission android:name="android.permission.INTERNET" />
15-->src\main\AndroidManifest.xml:5:5-67
15-->src\main\AndroidManifest.xml:5:22-64
16    <!-- GPS -->
17    <uses-permission android:name="android.permission.ACCESS_FINE_LOCATION" />
17-->src\main\AndroidManifest.xml:8:5-79
17-->src\main\AndroidManifest.xml:8:22-76
18    <uses-permission android:name="android.permission.ACCESS_COARSE_LOCATION" />
18-->src\main\AndroidManifest.xml:9:5-81
18-->src\main\AndroidManifest.xml:9:22-78
19    <uses-permission android:name="android.permission.ACCESS_BACKGROUND_LOCATION" />
19-->src\main\AndroidManifest.xml:10:5-85
19-->src\main\AndroidManifest.xml:10:22-82
20    <uses-permission android:name="android.permission.FOREGROUND_SERVICE" /> <!-- Include required permissions for Google Maps API to run. -->
20-->[:geolocator_android] AndroidManifest.xml:9:5-77
20-->[:geolocator_android] AndroidManifest.xml:9:22-74
21    <uses-permission android:name="android.permission.ACCESS_NETWORK_STATE" />
21-->[com.google.android.gms:play-services-maps:18.1.0] AndroidManifest.xml:23:5-79
21-->[com.google.android.gms:play-services-maps:18.1.0] AndroidManifest.xml:23:22-76
22
23    <uses-feature
23-->[com.google.android.gms:play-services-maps:18.1.0] AndroidManifest.xml:26:5-28:35
24        android:glEsVersion="0x00020000"
24-->[com.google.android.gms:play-services-maps:18.1.0] AndroidManifest.xml:27:9-41
25        android:required="true" />
25-->[com.google.android.gms:play-services-maps:18.1.0] AndroidManifest.xml:28:9-32
26
27    <queries>
27-->[com.google.android.gms:play-services-maps:18.1.0] AndroidManifest.xml:30:5-34:15
28
29        <!-- Needs to be explicitly declared on Android R+ -->
30        <package android:name="com.google.android.apps.maps" />
30-->[com.google.android.gms:play-services-maps:18.1.0] AndroidManifest.xml:33:9-64
30-->[com.google.android.gms:play-services-maps:18.1.0] AndroidManifest.xml:33:18-61
31    </queries>
32
33    <application
34        android:name="android.app.Application"
35        android:appComponentFactory="androidx.core.app.CoreComponentFactory"
35-->[androidx.core:core:1.8.0] AndroidManifest.xml:24:18-86
36        android:debuggable="true"
37        android:icon="@mipmap/ic_launcher"
38        android:label="agenda_app" >
39        <meta-data
40            android:name="com.google.android.geo.API_KEY"
41            android:value="AIzaSyCw5mX0g8Y9LSjIQSutmpv3avVeCaDax80" />
42
43        <activity
44            android:name="com.example.agenda_app.MainActivity"
45            android:configChanges="orientation|keyboardHidden|keyboard|screenSize|smallestScreenSize|locale|layoutDirection|fontScale|screenLayout|density|uiMode"
46            android:exported="true"
47            android:hardwareAccelerated="true"
48            android:launchMode="singleTop"
49            android:theme="@style/LaunchTheme"
50            android:windowSoftInputMode="adjustResize" >
51
52            <!--
53                 Specifies an Android theme to apply to this Activity as soon as
54                 the Android process has started. This theme is visible to the user
55                 while the Flutter UI initializes. After that, this theme continues
56                 to determine the Window background behind the Flutter UI.
57            -->
58            <meta-data
59                android:name="io.flutter.embedding.android.NormalTheme"
60                android:resource="@style/NormalTheme" />
61
62            <intent-filter>
63                <action android:name="android.intent.action.MAIN" />
64
65                <category android:name="android.intent.category.LAUNCHER" />
66            </intent-filter>
67        </activity>
68        <!--
69             Don't delete the meta-data below.
70             This is used by the Flutter tool to generate GeneratedPluginRegistrant.java
71        -->
72        <meta-data
73            android:name="flutterEmbedding"
74            android:value="2" />
75
76        <service
76-->[:geolocator_android] AndroidManifest.xml:12:9-16:56
77            android:name="com.baseflow.geolocator.GeolocatorLocationService"
77-->[:geolocator_android] AndroidManifest.xml:13:13-77
78            android:enabled="true"
78-->[:geolocator_android] AndroidManifest.xml:14:13-35
79            android:exported="false"
79-->[:geolocator_android] AndroidManifest.xml:15:13-37
80            android:foregroundServiceType="location" />
80-->[:geolocator_android] AndroidManifest.xml:16:13-53
81
82        <uses-library
82-->[androidx.window:window:1.0.0-beta04] AndroidManifest.xml:25:9-27:40
83            android:name="androidx.window.extensions"
83-->[androidx.window:window:1.0.0-beta04] AndroidManifest.xml:26:13-54
84            android:required="false" />
84-->[androidx.window:window:1.0.0-beta04] AndroidManifest.xml:27:13-37
85        <uses-library
85-->[androidx.window:window:1.0.0-beta04] AndroidManifest.xml:28:9-30:40
86            android:name="androidx.window.sidecar"
86-->[androidx.window:window:1.0.0-beta04] AndroidManifest.xml:29:13-51
87            android:required="false" /> <!-- Needs to be explicitly declared on P+ -->
87-->[androidx.window:window:1.0.0-beta04] AndroidManifest.xml:30:13-37
88        <uses-library
88-->[com.google.android.gms:play-services-maps:18.1.0] AndroidManifest.xml:39:9-41:40
89            android:name="org.apache.http.legacy"
89-->[com.google.android.gms:play-services-maps:18.1.0] AndroidManifest.xml:40:13-50
90            android:required="false" />
90-->[com.google.android.gms:play-services-maps:18.1.0] AndroidManifest.xml:41:13-37
91
92        <activity
92-->[com.google.android.gms:play-services-base:18.0.1] AndroidManifest.xml:20:9-22:45
93            android:name="com.google.android.gms.common.api.GoogleApiActivity"
93-->[com.google.android.gms:play-services-base:18.0.1] AndroidManifest.xml:20:19-85
94            android:exported="false"
94-->[com.google.android.gms:play-services-base:18.0.1] AndroidManifest.xml:22:19-43
95            android:theme="@android:style/Theme.Translucent.NoTitleBar" />
95-->[com.google.android.gms:play-services-base:18.0.1] AndroidManifest.xml:21:19-78
96
97        <meta-data
97-->[com.google.android.gms:play-services-basement:18.0.0] AndroidManifest.xml:21:9-23:69
98            android:name="com.google.android.gms.version"
98-->[com.google.android.gms:play-services-basement:18.0.0] AndroidManifest.xml:22:13-58
99            android:value="@integer/google_play_services_version" />
99-->[com.google.android.gms:play-services-basement:18.0.0] AndroidManifest.xml:23:13-66
100    </application>
101
102</manifest>